build/app/outputs/outputs/mapping/release/seeds.txt
com.example.laweh_app.MainActivity
com.example.laweh_app.MainActivity: MainActivity()
...
com.google.android.gms.internal.mlkit_vision_common.zzmr: java.lang.Object create(java.lang.Object)
com.google.android.gms.internal.mlkit_vision_text_bundled_common.zbld: int size()
com.google.android.recaptcha.internal.zzin: com.google.android.recaptcha.internal.zzit zzi()
com.google.android.gms.internal.firebase-auth-api.zzaio: int hashCode()
com.google.android.gms.internal.firebase-auth-api.zzamo: com.google.android.gms.internal.firebase-auth-api.zzamy zzb()
com.google.android.gms.internal.firebase-auth-api.zzaii$zzc: void zzj(int,int)
kotlin.coroutines.jvm.internal.BaseContinuationImpl: kotlin.coroutines.Continuation create(java.lang.Object,kotlin.coroutines.Continuation)
com.google.android.gms.internal.mlkit_vision_text_bundled_common.zbgr: zbgr()
com.google.android.gms.internal.mlkit_vision_text_common.zzfw: zzfw()
io.flutter.plugins.videoplayer.VideoPlayerEventCallbacks$1: VideoPlayerEventCallbacks$1(io.flutter.plugins.videoplayer.QueuingEventSink)
com.google.android.gms.internal.mlkit_vision_common.zzcw: zzcw()
com.google.android.gms.internal.firebase-auth-api.zzaq: com.google.android.gms.internal.firebase-auth-api.zzaq zzc()
androidx.core.view.ViewCompat$Api28Impl: void setScreenReaderFocusable(android.view.View,boolean)
com.google.android.recaptcha.internal.zzgw: com.google.android.recaptcha.internal.zzgw zzg(int,int)
com.google.android.recaptcha.internal.zzle: java.lang.Object remove(java.lang.Object)
com.google.android.recaptcha.internal.zzoc: void zzO(com.google.android.recaptcha.internal.zzoc,java.lang.String)
androidx.core.view.ViewCompat$Api29Impl: android.view.contentcapture.ContentCaptureSession getContentCaptureSession(android.view.View)
io.flutter.plugins.firebase.storage.FlutterFirebaseStoragePlugin: java.util.Map getExceptionDetails(java.lang.Exception)
com.google.android.gms.internal.firebase-auth-api.zznw: zznw(com.google.android.gms.internal.firebase-auth-api.zzxr,java.lang.Class,com.google.android.gms.internal.firebase-auth-api.zzob)
androidx.recyclerview.widget.RecyclerView: void setClipToPadding(boolean)
com.google.android.gms.internal.firebase-auth-api.zzzj: void zza(java.lang.String)
androidx.window.area.reflectionguard.WindowAreaComponentApi3Requirements: void endRearDisplayPresentationSession()
com.google.android.gms.internal.mlkit_vision_text_bundled_common.zbaio: zbaio()
com.google.android.gms.internal.safetynet.zzad: zzad(com.google.android.gms.common.api.Status,boolean)
com.google.android.recaptcha.internal.zzam: com.google.android.gms.tasks.Task zzd(android.app.Application,java.lang.String,long)
com.google.android.gms.internal.firebase-auth-api.zzyg: java.lang.String zzc()
com.google.android.recaptcha.internal.zzfk: zzfk()
io.flutter.plugins.videoplayer.platformview.PlatformViewExoPlayerEventListener: void onPositionDiscontinuity(int)
com.google.android.gms.internal.mlkit_vision_text_bundled_common.zbkt: boolean removeAll(java.util.Collection)
com.google.android.gms.internal.firebase-auth-api.zzmt: zzmt(com.google.android.gms.internal.firebase-auth-api.zzxr,java.lang.Class,com.google.android.gms.internal.firebase-auth-api.zzmu)
com.google.android.gms.internal.mlkit_vision_text_bundled_common.zbtr: void zbb(com.google.android.gms.internal.mlkit_vision_text_bundled_common.zbwy,java.util.Map$Entry)
com.csdcorp.speech_to_text.ListenMode: com.csdcorp.speech_to_text.ListenMode[] values()
com.google.android.gms.internal.safetynet.zzp: zzp(com.google.android.gms.common.api.Status,com.google.android.gms.safetynet.zza)
com.google.android.gms.internal.firebase-auth-api.zzxs: zzxs(byte[],byte[])
com.google.android.gms.internal.firebase-auth-api.zzvi: zzvi()
io.flutter.plugins.firebase.firestore.GeneratedAndroidFirebaseFirestore$PigeonDocumentSnapshot: java.util.ArrayList toList()
com.google.android.recaptcha.internal.zzci: zzci()
com.google.android.gms.internal.mlkit_vision_common.zzeb: zzeb()
com.google.android.gms.internal.mlkit_common.zzkk: void encode(java.lang.Object,java.lang.Object)